[2018-01-18 18:23:03.907] [INFO] normal - POST /msg/message/query
[2018-01-18 18:23:06.732] [INFO] normal - POST /msg/message/query
[2018-01-18 18:23:36.805] [INFO] normal - POST /msg/message/query
[2018-01-18 18:23:55.441] [INFO] normal - POST /msg/message/query
[2018-01-18 18:24:03.904] [INFO] normal - POST /msg/message/query
[2018-01-18 18:24:07.379] [INFO] normal - POST /msg/message/query
[2018-01-18 18:24:33.836] [INFO] normal - POST /msg/message/query
[2018-01-18 18:24:36.865] [INFO] normal - POST /msg/message/query
[2018-01-18 18:25:03.984] [INFO] normal - POST /msg/message/query
[2018-01-18 18:25:06.847] [INFO] normal - POST /msg/message/query
[2018-01-18 18:25:33.891] [INFO] normal - POST /msg/message/query
[2018-01-18 18:25:37.799] [INFO] normal - POST /msg/message/query
[2018-01-18 18:26:03.893] [INFO] normal - POST /msg/message/query
[2018-01-18 18:26:06.954] [INFO] normal - POST /msg/message/query
[2018-01-18 18:26:33.890] [INFO] normal - POST /msg/message/query
[2018-01-18 18:26:36.990] [INFO] normal - POST /msg/message/query
[2018-01-18 18:27:03.888] [INFO] normal - POST /msg/message/query
[2018-01-18 18:27:06.986] [INFO] normal - POST /msg/message/query
[2018-01-18 18:27:33.884] [INFO] normal - POST /msg/message/query
[2018-01-18 18:27:36.989] [INFO] normal - POST /msg/message/query
[2018-01-18 18:28:03.889] [INFO] normal - POST /msg/message/query
[2018-01-18 18:28:15.057] [INFO] normal - POST /msg/message/query
[2018-01-18 18:28:33.887] [INFO] normal - POST /msg/message/query
[2018-01-18 18:28:37.705] [INFO] normal - POST /msg/message/query
[2018-01-18 18:29:04.475] [INFO] normal - POST /msg/message/query
[2018-01-18 18:29:07.148] [INFO] normal - POST /msg/message/query
[2018-01-18 18:29:33.959] [INFO] normal - POST /msg/message/query
[2018-01-18 18:29:37.460] [INFO] normal - POST /msg/message/query
[2018-01-18 18:30:04.287] [INFO] normal - POST /msg/message/query
[2018-01-18 18:30:07.289] [INFO] normal - POST /msg/message/query
[2018-01-18 18:30:34.222] [INFO] normal - POST /msg/message/query
[2018-01-18 18:30:37.296] [INFO] normal - POST /msg/message/query
[2018-01-18 18:31:04.330] [INFO] normal - POST /msg/message/query
[2018-01-18 18:31:07.277] [INFO] normal - POST /msg/message/query
[2018-01-18 18:31:33.889] [INFO] normal - POST /msg/message/query
[2018-01-18 18:31:37.292] [INFO] normal - POST /msg/message/query
[2018-01-18 18:32:03.883] [INFO] normal - POST /msg/message/query
[2018-01-18 18:32:07.336] [INFO] normal - POST /msg/message/query
[2018-01-18 18:32:33.885] [INFO] normal - POST /msg/message/query
[2018-01-18 18:32:37.653] [INFO] normal - POST /msg/message/query
[2018-01-18 18:33:03.884] [INFO] normal - POST /msg/message/query
[2018-01-18 18:33:07.667] [INFO] normal - POST /msg/message/query
[2018-01-18 18:33:33.909] [INFO] normal - POST /msg/message/query
[2018-01-18 18:33:37.430] [INFO] normal - POST /msg/message/query
[2018-01-18 18:34:03.890] [INFO] normal - POST /msg/message/query
[2018-01-18 18:34:07.728] [INFO] normal - POST /msg/message/query
[2018-01-18 18:34:34.114] [INFO] normal - POST /msg/message/query
[2018-01-18 18:34:37.766] [INFO] normal - POST /msg/message/query
[2018-01-18 18:35:03.886] [INFO] normal - POST /msg/message/query
[2018-01-18 18:35:07.517] [INFO] normal - POST /msg/message/query
[2018-01-18 18:35:33.948] [INFO] normal - POST /msg/message/query
[2018-01-18 18:35:37.533] [INFO] normal - POST /msg/message/query
[2018-01-18 18:36:03.891] [INFO] normal - POST /msg/message/query
[2018-01-18 18:36:07.850] [INFO] normal - POST /msg/message/query
[2018-01-18 18:36:34.182] [INFO] normal - POST /msg/message/query
[2018-01-18 18:36:37.600] [INFO] normal - POST /msg/message/query
[2018-01-18 18:37:03.885] [INFO] normal - POST /msg/message/query
[2018-01-18 18:37:07.637] [INFO] normal - POST /msg/message/query
[2018-01-18 18:37:33.888] [INFO] normal - POST /msg/message/query
[2018-01-18 18:37:37.656] [INFO] normal - POST /msg/message/query
[2018-01-18 18:38:03.885] [INFO] normal - POST /msg/message/query
[2018-01-18 18:38:07.688] [INFO] normal - POST /msg/message/query
[2018-01-18 18:38:33.891] [INFO] normal - POST /msg/message/query
[2018-01-18 18:38:38.034] [INFO] normal - POST /msg/message/query
[2018-01-18 18:39:04.167] [INFO] normal - POST /msg/message/query
[2018-01-18 18:39:07.763] [INFO] normal - POST /msg/message/query
[2018-01-18 18:39:33.883] [INFO] normal - POST /msg/message/query
[2018-01-18 18:39:37.786] [INFO] normal - POST /msg/message/query
[2018-01-18 18:40:03.887] [INFO] normal - POST /msg/message/query
[2018-01-18 18:40:07.802] [INFO] normal - POST /msg/message/query
[2018-01-18 18:40:20.424] [INFO] normal - GET /copyrightStory
[2018-01-18 18:40:20.448] [WARN] normal - GET /lib/swiper/swiper-3.4.2.min.css
[2018-01-18 18:40:20.452] [WARN] normal - GET /stylesheets/common.css
[2018-01-18 18:40:20.462] [WARN] normal - GET /lib/layer/skin/default/layer.css
[2018-01-18 18:40:20.466] [WARN] normal - GET /font/iconfont.css
[2018-01-18 18:40:20.467] [WARN] normal - GET /stylesheets/style1.css
[2018-01-18 18:40:20.485] [WARN] normal - GET /lib/jquery-3.0.0.min.js
[2018-01-18 18:40:20.487] [WARN] normal - GET /javascripts/login.js
[2018-01-18 18:40:20.489] [WARN] normal - GET /lib/shade_layer/shadeLayer.js
[2018-01-18 18:40:20.491] [WARN] normal - GET /lib/laypage.js
[2018-01-18 18:40:20.493] [WARN] normal - GET /javascripts/copyrightStory.js
[2018-01-18 18:40:20.495] [WARN] normal - GET /images/logo.png
[2018-01-18 18:40:20.502] [WARN] normal - GET /images/img_bqgs.png
[2018-01-18 18:40:20.504] [WARN] normal - GET /images/icon-sourch.png
[2018-01-18 18:40:20.506] [WARN] normal - GET /images/icon_xx.gif
[2018-01-18 18:40:20.510] [WARN] normal - GET /images/img_ggw.png
[2018-01-18 18:40:20.769] [WARN] normal - GET /lib//skin/laypage.css
[2018-01-18 18:40:22.099] [INFO] normal - POST /msg/message/query
[2018-01-18 18:40:22.932] [INFO] normal - GET /copyrightStory
[2018-01-18 18:40:22.984] [INFO] normal - GET /lib/swiper/swiper-3.4.2.min.css
[2018-01-18 18:40:22.988] [INFO] normal - GET /stylesheets/common.css
[2018-01-18 18:40:22.990] [INFO] normal - GET /lib/layer/skin/default/layer.css
[2018-01-18 18:40:22.992] [INFO] normal - GET /font/iconfont.css
[2018-01-18 18:40:22.993] [INFO] normal - GET /stylesheets/style1.css
[2018-01-18 18:40:23.008] [INFO] normal - GET /images/logo.png
[2018-01-18 18:40:23.012] [INFO] normal - GET /images/img_bqgs.png
[2018-01-18 18:40:23.045] [INFO] normal - GET /images/icon-sourch.png
[2018-01-18 18:40:23.065] [INFO] normal - GET /javascripts/login.js
[2018-01-18 18:40:23.068] [INFO] normal - GET /lib/jquery-3.0.0.min.js
[2018-01-18 18:40:23.069] [INFO] normal - GET /lib/shade_layer/shadeLayer.js
[2018-01-18 18:40:23.072] [INFO] normal - GET /lib/laypage.js
[2018-01-18 18:40:23.075] [INFO] normal - GET /images/icon_xx.gif
[2018-01-18 18:40:23.077] [INFO] normal - GET /javascripts/copyrightStory.js
[2018-01-18 18:40:23.080] [INFO] normal - GET /images/img_ggw.png
[2018-01-18 18:40:23.367] [INFO] normal - GET /lib//skin/laypage.css
[2018-01-18 18:40:23.489] [INFO] normal - POST /msg/message/query
[2018-01-18 18:40:28.029] [INFO] normal - GET /api/copyright/story/list?currentPage=2&pageSize=10
[2018-01-18 18:40:37.803] [INFO] normal - POST /msg/message/query
[2018-01-18 18:40:53.895] [INFO] normal - POST /msg/message/query
[2018-01-18 18:41:07.828] [INFO] normal - POST /msg/message/query
[2018-01-18 18:41:23.882] [INFO] normal - POST /msg/message/query
[2018-01-18 18:41:38.025] [INFO] normal - POST /msg/message/query
[2018-01-18 18:41:53.881] [INFO] normal - POST /msg/message/query
[2018-01-18 18:42:08.126] [INFO] normal - POST /msg/message/query
[2018-01-18 18:42:24.177] [INFO] normal - POST /msg/message/query
[2018-01-18 18:42:38.151] [INFO] normal - POST /msg/message/query
[2018-01-18 18:42:53.887] [INFO] normal - POST /msg/message/query
[2018-01-18 18:43:08.181] [INFO] normal - POST /msg/message/query
[2018-01-18 18:43:23.878] [INFO] normal - POST /msg/message/query
[2018-01-18 18:43:38.202] [INFO] normal - POST /msg/message/query
[2018-01-18 18:43:54.171] [INFO] normal - POST /msg/message/query
[2018-01-18 18:44:08.239] [INFO] normal - POST /msg/message/query
[2018-01-18 18:44:24.812] [INFO] normal - POST /msg/message/query
[2018-01-18 18:44:38.272] [INFO] normal - POST /msg/message/query
[2018-01-18 18:44:53.880] [INFO] normal - POST /msg/message/query
[2018-01-18 18:45:08.607] [INFO] normal - POST /msg/message/query
[2018-01-18 18:45:24.055] [INFO] normal - POST /msg/message/query
[2018-01-18 18:45:38.374] [INFO] normal - POST /msg/message/query
